<?xml version="1.0" encoding="UTF-8"?>
<!-- Generated by org.testng.reporters.JUnitReportReporter -->
<testsuite hostname="LAPTOP-EN8B1T7Q" failures="0" tests="1" name="driverFactory.AppTest" time="74.437" errors="0" timestamp="10 Sept 2024 10:44:58 GMT" skipped="0">
  <testcase classname="driverFactory.AppTest" name="kickstart" time="74.437"/>
</testsuite> <!-- driverFactory.AppTest -->
